{
  "RSpec": {
    "coverage": {
      "/home/kennydearie/tic-tac-toe-rb-online-web-sp-000/lib/tic_tac_toe.rb": [
        1,
        null,
        null,
        1,
        null,
        null,
        null,
        null,
        null,
        null,
        null,
        null,
        null,
        1,
        31,
        31,
        31,
        31,
        31,
        null,
        null,
        null,
        1,
        47548,
        null,
        null,
        1,
        28,
        null,
        null,
        1,
        47564,
        null,
        null,
        1,
        47548,
        null,
        null,
        1,
        27,
        27,
        243,
        45,
        null,
        null,
        27,
        null,
        null,
        1,
        26,
        null,
        null,
        1,
        47555,
        47549,
        47545,
        47545,
        25,
        null,
        47520,
        null,
        26,
        null,
        null,
        1,
        21,
        146,
        146,
        146,
        null,
        146,
        146,
        146,
        null,
        146,
        12,
        null,
        null,
        9,
        null,
        null,
        1,
        49,
        3,
        null,
        4,
        null,
        null,
        null,
        1,
        8,
        3,
        0,
        0,
        5,
        5,
        null,
        null,
        null,
        null,
        1,
        3,
        2,
        null,
        1,
        null,
        null,
        null,
        1,
        3,
        2,
        null,
        null,
        null,
        null,
        1,
        12,
        12,
        35,
        23,
        null,
        null
      ]
    },
    "timestamp": 1593719343
  }
}
